DEBUG - [⟳100ms] composer.constraints.count @ 17:14:08.527: CountStatistics:{}
DEBUG - composer.constraints.count.accumulation @ 17:14:08.527: CountStatistics:{}
DEBUG - [⟳100ms] tree.events.count @ 17:14:08.527: CountStatistics:{Class(LeafRemovalEvent)=2, Class(LeafAdditionEvent)=3, Class(NodeExpansionEvent)=2}
DEBUG - tree.events.accumulation @ 17:14:08.538: CountStatistics:{Class(LeafRemovalEvent)=2, Class(LeafAdditionEvent)=3, Class(NodeExpansionEvent)=2}
DEBUG - [⟳100ms] proposer.constraints.count @ 17:14:08.527: CountStatistics:{}
DEBUG - proposer.constraints.count.accumulation @ 17:14:08.538: CountStatistics:{}
DEBUG - heuristic.count @ 17:14:08.527: CountStatistics:{Class(HeuristicComputationEvent)=3, Class(EnqueueNodeEvent)=3}
DEBUG - heuristics.count.accumulation @ 17:14:08.538: CountStatistics:{Class(HeuristicComputationEvent)=3, Class(EnqueueNodeEvent)=3}
DEBUG - [⟳100ms] performance @ 17:14:08.538: PerformanceStatistics:{Tree Expansion={μ=0ms±0ms (0ms-0ms), Σ=0S, N=2, 2147483647it/s}}
DEBUG - performance.accumulation @ 17:14:08.538: PerformanceStatistics:{Tree Expansion={μ=0ms±0ms (0ms-0ms), Σ=0S, N=2, 2147483647it/s}}
DEBUG - [⟳100ms] composer.constraints.count @ 17:14:08.633: CountStatistics:{Class(AddWiredPlace)=3, Class(ClinicallyUnderfedPlace)=133}
DEBUG - [⟳100ms] proposer.constraints.count @ 17:14:08.633: CountStatistics:{Class(AddWiredPlace)=3, Class(CullPostsetChildren)=133}
DEBUG - composer.constraints.count.accumulation @ 17:14:08.633: CountStatistics:{Class(AddWiredPlace)=3, Class(ClinicallyUnderfedPlace)=133}
DEBUG - proposer.constraints.count.accumulation @ 17:14:08.633: CountStatistics:{Class(AddWiredPlace)=3, Class(CullPostsetChildren)=133}
DEBUG - heuristic.count @ 17:14:08.644: CountStatistics:{Class(HeuristicComputationEvent)=361, Class(DequeueNodeEvent)=361, Class(EnqueueNodeEvent)=361}
DEBUG - heuristics.count.accumulation @ 17:14:08.644: CountStatistics:{Class(HeuristicComputationEvent)=364, Class(DequeueNodeEvent)=361, Class(EnqueueNodeEvent)=364}
DEBUG - [⟳100ms] tree.events.count @ 17:14:08.652: CountStatistics:{Class(LeafRemovalEvent)=375, Class(NodeExhaustionEvent)=373, Class(LeafAdditionEvent)=375, Class(NodeExpansionEvent)=375}
DEBUG - tree.events.accumulation @ 17:14:08.652: CountStatistics:{Class(LeafRemovalEvent)=377, Class(NodeExhaustionEvent)=373, Class(LeafAdditionEvent)=378, Class(NodeExpansionEvent)=377}
DEBUG - [⟳100ms] performance @ 17:14:08.679: PerformanceStatistics:{Candidate Composition={μ=0.115ms±0.876ms (0ms-11ms), Σ=0.042S, N=365, 8690it/s}, Short Circuiting Aggregated Fitness Evaluation={μ=0.077ms±0.653ms (0ms-11ms), Σ=0.028S, N=366, 13071it/s}, Tree Expansion={μ=0.172ms±1.276ms (0ms-16ms), Σ=0.063S, N=367, 5825it/s}, PEC Cycle={μ=0.318ms±1.601ms (0ms-16ms), Σ=0.116S, N=365, 3146it/s}, Candidate Proposal={μ=0.199ms±1.343ms (0ms-16ms), Σ=0.073S, N=366, 5013it/s}}
DEBUG - performance.accumulation @ 17:14:08.68: PerformanceStatistics:{Short Circuiting Aggregated Fitness Evaluation={μ=0.077ms±0.653ms (0ms-11ms), Σ=0.028S, N=366, 13071it/s}, Candidate Proposal={μ=0.199ms±1.343ms (0ms-16ms), Σ=0.073S, N=366, 5013it/s}, Candidate Composition={μ=0.115ms±0.876ms (0ms-11ms), Σ=0.042S, N=365, 8690it/s}, Tree Expansion={μ=0.171ms±1.273ms (0ms-16ms), Σ=0.063S, N=369, 5857it/s}, PEC Cycle={μ=0.318ms±1.601ms (0ms-16ms), Σ=0.116S, N=365, 3146it/s}}
DEBUG - [⟳100ms] tree.events.count @ 17:14:08.95: CountStatistics:{Class(LeafRemovalEvent)=120, Class(NodeExhaustionEvent)=121, Class(LeafAdditionEvent)=119, Class(NodeExpansionEvent)=119}
DEBUG - tree.events.accumulation @ 17:14:08.95: CountStatistics:{Class(LeafRemovalEvent)=497, Class(NodeExhaustionEvent)=494, Class(LeafAdditionEvent)=497, Class(NodeExpansionEvent)=496}
DEBUG - [⟳100ms] performance @ 17:14:08.95: PerformanceStatistics:{Candidate Composition={μ=0.336ms±2.25ms (0ms-24ms), Σ=0.042S, N=125, 2976it/s}, Short Circuiting Aggregated Fitness Evaluation={μ=0.336ms±2.25ms (0ms-24ms), Σ=0.042S, N=125, 2976it/s}, PEC Cycle={μ=0.384ms±2.257ms (0ms-24ms), Σ=0.048S, N=125, 2604it/s}, Tree Expansion={μ=0.032ms±0.176ms (0ms-1ms), Σ=0.004S, N=126, 31500it/s}, Candidate Proposal={μ=0.032ms±0.177ms (0ms-1ms), Σ=0.004S, N=125, 31250it/s}}
DEBUG - performance.accumulation @ 17:14:08.95: PerformanceStatistics:{Short Circuiting Aggregated Fitness Evaluation={μ=0.143ms±1.27ms (0ms-24ms), Σ=0.07S, N=491, 7014it/s}, Candidate Proposal={μ=0.157ms±1.165ms (0ms-16ms), Σ=0.077S, N=491, 6376it/s}, Candidate Composition={μ=0.171ms±1.365ms (0ms-24ms), Σ=0.084S, N=490, 5833it/s}, Tree Expansion={μ=0.135ms±1.104ms (0ms-16ms), Σ=0.067S, N=495, 7388it/s}, PEC Cycle={μ=0.335ms±1.789ms (0ms-24ms), Σ=0.164S, N=490, 2987it/s}}
DEBUG - [⟳100ms] composer.constraints.count @ 17:14:08.95: CountStatistics:{Class(AddWiredPlace)=5, Class(ClinicallyUnderfedPlace)=154}
DEBUG - composer.constraints.count.accumulation @ 17:14:08.95: CountStatistics:{Class(AddWiredPlace)=8, Class(ClinicallyUnderfedPlace)=287}
DEBUG - heuristic.count @ 17:14:08.95: CountStatistics:{Class(HeuristicComputationEvent)=149, Class(DequeueNodeEvent)=149, Class(EnqueueNodeEvent)=149}
DEBUG - [⟳100ms] proposer.constraints.count @ 17:14:08.95: CountStatistics:{Class(AddWiredPlace)=5, Class(CullPostsetChildren)=154}
DEBUG - heuristics.count.accumulation @ 17:14:08.95: CountStatistics:{Class(HeuristicComputationEvent)=513, Class(DequeueNodeEvent)=510, Class(EnqueueNodeEvent)=513}
DEBUG - proposer.constraints.count.accumulation @ 17:14:08.95: CountStatistics:{Class(AddWiredPlace)=8, Class(CullPostsetChildren)=287}
DEBUG - [⟳100ms] performance @ 17:14:09.023: PerformanceStatistics:{Short Circuiting Aggregated Fitness Evaluation={μ=0.08ms±0.313ms (0ms-2ms), Σ=0.007S, N=87, 12428it/s}, Total PEC Cycling={μ=440ms±0ms (440ms-440ms), Σ=0.44S, N=1, 2it/s}, Candidate Proposal={μ=3.057ms±27.765ms (0ms-259ms), Σ=0.266S, N=87, 327it/s}, Candidate Composition={μ=0.08ms±0.312ms (0ms-2ms), Σ=0.007S, N=88, 12571it/s}, PEC Cycle={μ=3.079ms±27.443ms (0ms-259ms), Σ=0.274S, N=89, 324it/s}, Tree Expansion={μ=2.956ms±27.298ms (0ms-259ms), Σ=0.266S, N=90, 338it/s}}
DEBUG - performance.accumulation @ 17:14:09.023: PerformanceStatistics:{Short Circuiting Aggregated Fitness Evaluation={μ=0.133ms±1.177ms (0ms-24ms), Σ=0.077S, N=578, 7506it/s}, Total PEC Cycling={μ=440ms±0ms (440ms-440ms), Σ=0.44S, N=1, 2it/s}, Candidate Proposal={μ=0.593ms±10.822ms (0ms-259ms), Σ=0.343S, N=578, 1685it/s}, Candidate Composition={μ=0.157ms±1.263ms (0ms-24ms), Σ=0.091S, N=578, 6351it/s}, Tree Expansion={μ=0.569ms±10.753ms (0ms-259ms), Σ=0.333S, N=585, 1756it/s}, PEC Cycle={μ=0.756ms±10.879ms (0ms-259ms), Σ=0.438S, N=579, 1321it/s}}
DEBUG - heuristic.count @ 17:14:09.024: CountStatistics:{Class(HeuristicComputationEvent)=72, Class(DequeueNodeEvent)=75, Class(EnqueueNodeEvent)=72}
DEBUG - heuristics.count.accumulation @ 17:14:09.024: CountStatistics:{Class(HeuristicComputationEvent)=585, Class(DequeueNodeEvent)=585, Class(EnqueueNodeEvent)=585}
DEBUG - [⟳100ms] tree.events.count @ 17:14:09.028: CountStatistics:{Class(LeafRemovalEvent)=88, Class(NodeExhaustionEvent)=91, Class(LeafAdditionEvent)=88, Class(NodeExpansionEvent)=88}
DEBUG - tree.events.accumulation @ 17:14:09.028: CountStatistics:{Class(LeafRemovalEvent)=585, Class(NodeExhaustionEvent)=585, Class(LeafAdditionEvent)=585, Class(NodeExpansionEvent)=584}
DEBUG - [⟳100ms] proposer.constraints.count @ 17:14:09.028: CountStatistics:{Class(CullPostsetChildren)=46}
DEBUG - proposer.constraints.count.accumulation @ 17:14:09.028: CountStatistics:{Class(AddWiredPlace)=8, Class(CullPostsetChildren)=333}
DEBUG - [⟳100ms] composer.constraints.count @ 17:14:09.028: CountStatistics:{Class(ClinicallyUnderfedPlace)=46}
DEBUG - composer.constraints.count.accumulation @ 17:14:09.028: CountStatistics:{Class(AddWiredPlace)=8, Class(ClinicallyUnderfedPlace)=333}
